cubeRamp/Library/PramData/AndroidApplicationController/Cache/com.DefaultCompany.cubeRamp/gradle-project/launcher/build/intermediates/manifest_merge_blame_file/debug/manifest-merger-blame-debug-report.txt
1<?xml version="1.0" encoding="utf-8"?>
2<manifest xmlns:android="http://schemas.android.com/apk/res/android"
3    package="com.DefaultCompany.cubeRamp"
4    android:installLocation="auto"
5    android:versionCode="1"
6    android:versionName="0.1" >
7
8    <uses-sdk
9        android:minSdkVersion="29"
9-->src\main\AndroidManifest.xml
10        android:targetSdkVersion="32" />
10-->src\main\AndroidManifest.xml
11
12    <supports-screens
12-->src\main\AndroidManifest.xml:4:3-163
13        android:anyDensity="true"
13-->src\main\AndroidManifest.xml:4:135-160
14        android:largeScreens="true"
14-->src\main\AndroidManifest.xml:4:78-105
15        android:normalScreens="true"
15-->src\main\AndroidManifest.xml:4:49-77
16        android:smallScreens="true"
16-->src\main\AndroidManifest.xml:4:21-48
17        android:xlargeScreens="true" />
17-->src\main\AndroidManifest.xml:4:106-134
18
19    <uses-permission android:name="android.permission.INTERNET" />
19-->[:unityLibrary] AndroidManifest.xml:11:5-67
19-->[:unityLibrary] AndroidManifest.xml:11:22-64
20    <uses-permission android:name="android.permission.ACCESS_NETWORK_STATE" />
20-->[:unityLibrary] AndroidManifest.xml:12:5-79
20-->[:unityLibrary] AndroidManifest.xml:12:22-76
21    <uses-permission android:name="android.permission.RECORD_AUDIO" />
21-->[:unityLibrary] AndroidManifest.xml:13:5-71
21-->[:unityLibrary] AndroidManifest.xml:13:22-68
22    <uses-permission android:name="android.permission.MODIFY_AUDIO_SETTINGS" />
22-->[:unityLibrary] AndroidManifest.xml:14:5-80
22-->[:unityLibrary] AndroidManifest.xml:14:22-77
23
24    <uses-feature android:glEsVersion="0x00030000" />
24-->[:unityLibrary] AndroidManifest.xml:16:5-54
24-->[:unityLibrary] AndroidManifest.xml:16:19-51
25    <uses-feature
25-->[:unityLibrary] AndroidManifest.xml:17:5-19:36
26        android:name="android.hardware.vulkan.version"
26-->[:unityLibrary] AndroidManifest.xml:18:9-55
27        android:required="false" />
27-->[:unityLibrary] AndroidManifest.xml:19:9-33
28    <uses-feature
28-->[:unityLibrary] AndroidManifest.xml:20:5-22:36
29        android:name="android.hardware.microphone"
29-->[:unityLibrary] AndroidManifest.xml:21:9-51
30        android:required="false" />
30-->[:unityLibrary] AndroidManifest.xml:22:9-33
31    <uses-feature
31-->[:unityLibrary] AndroidManifest.xml:23:5-25:36
32        android:name="android.hardware.touchscreen"
32-->[:unityLibrary] AndroidManifest.xml:24:9-52
33        android:required="false" />
33-->[:unityLibrary] AndroidManifest.xml:25:9-33
34    <uses-feature
34-->[:unityLibrary] AndroidManifest.xml:26:5-28:36
35        android:name="android.hardware.touchscreen.multitouch"
35-->[:unityLibrary] AndroidManifest.xml:27:9-63
36        android:required="false" />
36-->[:unityLibrary] AndroidManifest.xml:28:9-33
37    <uses-feature
37-->[:unityLibrary] AndroidManifest.xml:29:5-31:36
38        android:name="android.hardware.touchscreen.multitouch.distinct"
38-->[:unityLibrary] AndroidManifest.xml:30:9-72
39        android:required="false" />
39-->[:unityLibrary] AndroidManifest.xml:31:9-33
40    <uses-feature
40-->[:unityLibrary] AndroidManifest.xml:32:5-35:31
41        android:name="android.hardware.vr.headtracking"
41-->[:unityLibrary] AndroidManifest.xml:33:9-56
42        android:required="true"
42-->[:unityLibrary] AndroidManifest.xml:34:9-32
43        android:version="1" />
43-->[:unityLibrary] AndroidManifest.xml:35:9-28
44    <uses-feature
44-->[:unityLibrary] AndroidManifest.xml:36:5-38:35
45        android:name="oculus.software.handtracking"
45-->[:unityLibrary] AndroidManifest.xml:37:9-52
46        android:required="true" />
46-->[:unityLibrary] AndroidManifest.xml:38:9-32
47
48    <uses-permission android:name="com.oculus.permission.HAND_TRACKING" />
48-->[:unityLibrary] AndroidManifest.xml:40:5-75
48-->[:unityLibrary] AndroidManifest.xml:40:22-72
49
50    <uses-feature
50-->[:unityLibrary] AndroidManifest.xml:42:5-44:36
51        android:name="com.oculus.feature.PASSTHROUGH"
51-->[:unityLibrary] AndroidManifest.xml:43:9-54
52        android:required="false" />
52-->[:unityLibrary] AndroidManifest.xml:44:9-33
53
54    <application
54-->src\main\AndroidManifest.xml:3:3-83
55        android:allowBackup="false"
55-->[:unityLibrary] AndroidManifest.xml:47:9-36
56        android:debuggable="true"
57        android:extractNativeLibs="true"
57-->[:unityLibrary] AndroidManifest.xml:48:9-41
58        android:icon="@mipmap/app_icon"
58-->src\main\AndroidManifest.xml:3:49-80
59        android:label="@string/app_name"
59-->src\main\AndroidManifest.xml:3:16-48
60        android:networkSecurityConfig="@xml/network_sec_config" >
60-->[:unityLibrary] AndroidManifest.xml:51:9-64
61        <meta-data
61-->[:unityLibrary] AndroidManifest.xml:52:9-54:33
62            android:name="unity.splash-mode"
62-->[:unityLibrary] AndroidManifest.xml:53:13-45
63            android:value="0" />
63-->[:unityLibrary] AndroidManifest.xml:54:13-30
64        <meta-data
64-->[:unityLibrary] AndroidManifest.xml:55:9-57:36
65            android:name="unity.splash-enable"
65-->[:unityLibrary] AndroidManifest.xml:56:13-47
66            android:value="True" />
66-->[:unityLibrary] AndroidManifest.xml:57:13-33
67        <meta-data
67-->[:unityLibrary] AndroidManifest.xml:58:9-60:36
68            android:name="unity.launch-fullscreen"
68-->[:unityLibrary] AndroidManifest.xml:59:13-51
69            android:value="True" />
69-->[:unityLibrary] AndroidManifest.xml:60:13-33
70        <meta-data
70-->[:unityLibrary] AndroidManifest.xml:61:9-63:37
71            android:name="unity.allow-resizable-window"
71-->[:unityLibrary] AndroidManifest.xml:62:13-56
72            android:value="False" />
72-->[:unityLibrary] AndroidManifest.xml:63:13-34
73        <meta-data
73-->[:unityLibrary] AndroidManifest.xml:64:9-66:50
74            android:name="notch.config"
74-->[:unityLibrary] AndroidManifest.xml:65:13-40
75            android:value="portrait|landscape" />
75-->[:unityLibrary] AndroidManifest.xml:66:13-47
76        <meta-data
76-->[:unityLibrary] AndroidManifest.xml:67:9-69:36
77            android:name="unity.auto-report-fully-drawn"
77-->[:unityLibrary] AndroidManifest.xml:68:13-57
78            android:value="true" />
78-->[:unityLibrary] AndroidManifest.xml:69:13-33
79
80        <activity
80-->[:unityLibrary] AndroidManifest.xml:71:9-97:20
81            android:name="com.unity3d.player.UnityPlayerActivity"
81-->[:unityLibrary] AndroidManifest.xml:72:13-66
82            android:configChanges="keyboard|keyboardHidden|navigation|orientation|screenLayout|screenSize|uiMode|density"
82-->[:unityLibrary] AndroidManifest.xml:73:13-122
83            android:exported="true"
83-->[:unityLibrary] AndroidManifest.xml:74:13-36
84            android:hardwareAccelerated="false"
84-->[:unityLibrary] AndroidManifest.xml:75:13-48
85            android:launchMode="singleTask"
85-->[:unityLibrary] AndroidManifest.xml:76:13-44
86            android:resizeableActivity="false"
86-->[:unityLibrary] AndroidManifest.xml:77:13-47
87            android:screenOrientation="landscape"
87-->[:unityLibrary] AndroidManifest.xml:78:13-50
88            android:theme="@android:style/Theme.Black.NoTitleBar.Fullscreen" >
88-->[:unityLibrary] AndroidManifest.xml:79:13-77
89            <intent-filter>
89-->[:unityLibrary] AndroidManifest.xml:80:13-86:29
90                <category android:name="android.intent.category.LAUNCHER" />
90-->[:unityLibrary] AndroidManifest.xml:81:17-77
90-->[:unityLibrary] AndroidManifest.xml:81:27-74
91
92                <action android:name="android.intent.action.MAIN" />
92-->[:unityLibrary] AndroidManifest.xml:83:17-69
92-->[:unityLibrary] AndroidManifest.xml:83:25-66
93
94                <category android:name="com.oculus.intent.category.VR" />
94-->[:unityLibrary] AndroidManifest.xml:85:17-74
94-->[:unityLibrary] AndroidManifest.xml:85:27-71
95            </intent-filter>
96
97            <meta-data
97-->[:unityLibrary] AndroidManifest.xml:88:13-90:40
98                android:name="unityplayer.UnityActivity"
98-->[:unityLibrary] AndroidManifest.xml:89:17-57
99                android:value="true" />
99-->[:unityLibrary] AndroidManifest.xml:90:17-37
100            <meta-data
100-->[:unityLibrary] AndroidManifest.xml:91:13-93:40
101                android:name="notch_support"
101-->[:unityLibrary] AndroidManifest.xml:92:17-45
102                android:value="true" />
102-->[:unityLibrary] AndroidManifest.xml:93:17-37
103            <meta-data
103-->[:unityLibrary] AndroidManifest.xml:94:13-96:40
104                android:name="com.oculus.vr.focusaware"
104-->[:unityLibrary] AndroidManifest.xml:95:17-56
105                android:value="true" />
105-->[:unityLibrary] AndroidManifest.xml:96:17-37
106        </activity>
107
108        <meta-data
108-->[:unityLibrary] AndroidManifest.xml:99:9-101:35
109            android:name="com.oculus.handtracking.frequency"
109-->[:unityLibrary] AndroidManifest.xml:100:13-61
110            android:value="LOW" />
110-->[:unityLibrary] AndroidManifest.xml:101:13-32
111        <meta-data
111-->[:unityLibrary] AndroidManifest.xml:102:9-104:39
112            android:name="com.samsung.android.vr.application.mode"
112-->[:unityLibrary] AndroidManifest.xml:103:13-67
113            android:value="vr_only" />
113-->[:unityLibrary] AndroidManifest.xml:104:13-36
114        <meta-data
114-->[:unityLibrary] AndroidManifest.xml:105:9-107:37
115            android:name="com.unity.xr.oculus.LowOverheadMode"
115-->[:unityLibrary] AndroidManifest.xml:106:13-63
116            android:value="false" />
116-->[:unityLibrary] AndroidManifest.xml:107:13-34
117        <meta-data
117-->[:unityLibrary] AndroidManifest.xml:108:9-110:37
118            android:name="com.unity.xr.oculus.LateLatching"
118-->[:unityLibrary] AndroidManifest.xml:109:13-60
119            android:value="false" />
119-->[:unityLibrary] AndroidManifest.xml:110:13-34
120        <meta-data
120-->[:unityLibrary] AndroidManifest.xml:111:9-113:37
121            android:name="com.unity.xr.oculus.LateLatchingDebug"
121-->[:unityLibrary] AndroidManifest.xml:112:13-65
122            android:value="false" />
122-->[:unityLibrary] AndroidManifest.xml:113:13-34
123        <meta-data
123-->[:unityLibrary] AndroidManifest.xml:114:9-116:46
124            android:name="com.oculus.supportedDevices"
124-->[:unityLibrary] AndroidManifest.xml:115:13-55
125            android:value="quest2|cambria" />
125-->[:unityLibrary] AndroidManifest.xml:116:13-43
126    </application>
127
128</manifest>